{"/workspace/exercise-unit-test-with-jest/app.js": {"path":"/workspace/exercise-unit-test-with-jest/app.js","statementMap":{"0":{"start":{"line":13,"column":16},"end":{"line":17,"column":1}},"1":{"start":{"line":21,"column":26},"end":{"line":21,"column":45}},"2":{"start":{"line":22,"column":4},"end":{"line":22,"column":26}},"3":{"start":{"line":27,"column":24},"end":{"line":27,"column":45}},"4":{"start":{"line":28,"column":4},"end":{"line":28,"column":24}},"5":{"start":{"line":33,"column":20},"end":{"line":33,"column":59}},"6":{"start":{"line":34,"column":22},"end":{"line":34,"column":43}},"7":{"start":{"line":35,"column":4},"end":{"line":35,"column":22}},"8":{"start":{"line":40,"column":20},"end":{"line":40,"column":39}},"9":{"start":{"line":41,"column":4},"end":{"line":41,"column":19}},"10":{"start":{"line":47,"column":20},"end":{"line":47,"column":48}},"11":{"start":{"line":48,"column":4},"end":{"line":48,"column":20}},"12":{"start":{"line":51,"column":0},"end":{"line":51,"column":61}},"13":{"start":{"line":54,"column":0},"end":{"line":54,"column":29}}},"fnMap":{"0":{"name":"eurostoDollars","decl":{"start":{"line":20,"column":9},"end":{"line":20,"column":23}},"loc":{"start":{"line":20,"column":40},"end":{"line":24,"column":1}},"line":20},"1":{"name":"dollarsToEuros","decl":{"start":{"line":26,"column":9},"end":{"line":26,"column":23}},"loc":{"start":{"line":26,"column":42},"end":{"line":30,"column":1}},"line":26},"2":{"name":"dollarsToYen","decl":{"start":{"line":32,"column":9},"end":{"line":32,"column":21}},"loc":{"start":{"line":32,"column":40},"end":{"line":37,"column":1}},"line":32},"3":{"name":"yenToEuro","decl":{"start":{"line":39,"column":9},"end":{"line":39,"column":18}},"loc":{"start":{"line":39,"column":33},"end":{"line":42,"column":1}},"line":39},"4":{"name":"yenToPound","decl":{"start":{"line":46,"column":9},"end":{"line":46,"column":19}},"loc":{"start":{"line":46,"column":34},"end":{"line":49,"column":1}},"line":46}},"branchMap":{},"s":{"0":1,"1":1,"2":1,"3":1,"4":1,"5":1,"6":1,"7":1,"8":2,"9":2,"10":2,"11":2,"12":1,"13":1},"f":{"0":1,"1":1,"2":1,"3":2,"4":2},"b":{},"_coverageSchema":"1a1c01bbd47fc00a2c39e90264f33305004495a9","hash":"d596eb30fab40eb9ecfed40a619aa73ed36c5207"}
}
